mode: set
github.com/Junkes887/transfers-api/internal/adpters/database/repository/accountRepository.go:10.69,17.16 3 1
github.com/Junkes887/transfers-api/internal/adpters/database/repository/accountRepository.go:22.2,22.12 1 1
github.com/Junkes887/transfers-api/internal/adpters/database/repository/accountRepository.go:17.16,20.3 2 1
github.com/Junkes887/transfers-api/internal/adpters/database/repository/accountRepository.go:25.69,28.16 2 1
github.com/Junkes887/transfers-api/internal/adpters/database/repository/accountRepository.go:32.2,35.18 3 1
github.com/Junkes887/transfers-api/internal/adpters/database/repository/accountRepository.go:45.2,47.20 2 1
github.com/Junkes887/transfers-api/internal/adpters/database/repository/accountRepository.go:28.16,30.3 1 1
github.com/Junkes887/transfers-api/internal/adpters/database/repository/accountRepository.go:35.18,38.17 3 1
github.com/Junkes887/transfers-api/internal/adpters/database/repository/accountRepository.go:42.3,42.39 1 1
github.com/Junkes887/transfers-api/internal/adpters/database/repository/accountRepository.go:38.17,40.4 1 0
github.com/Junkes887/transfers-api/internal/adpters/database/repository/accountRepository.go:50.73,54.16 3 1
github.com/Junkes887/transfers-api/internal/adpters/database/repository/accountRepository.go:58.2,60.18 2 1
github.com/Junkes887/transfers-api/internal/adpters/database/repository/accountRepository.go:70.2,70.19 1 1
github.com/Junkes887/transfers-api/internal/adpters/database/repository/accountRepository.go:54.16,56.3 1 1
github.com/Junkes887/transfers-api/internal/adpters/database/repository/accountRepository.go:60.18,63.17 3 1
github.com/Junkes887/transfers-api/internal/adpters/database/repository/accountRepository.go:67.3,67.48 1 1
github.com/Junkes887/transfers-api/internal/adpters/database/repository/accountRepository.go:63.17,65.4 1 0
github.com/Junkes887/transfers-api/internal/adpters/database/repository/accountRepository.go:73.79,77.16 3 1
github.com/Junkes887/transfers-api/internal/adpters/database/repository/accountRepository.go:81.2,83.18 2 1
github.com/Junkes887/transfers-api/internal/adpters/database/repository/accountRepository.go:93.2,93.19 1 1
github.com/Junkes887/transfers-api/internal/adpters/database/repository/accountRepository.go:77.16,79.3 1 1
github.com/Junkes887/transfers-api/internal/adpters/database/repository/accountRepository.go:83.18,86.17 3 1
github.com/Junkes887/transfers-api/internal/adpters/database/repository/accountRepository.go:90.3,90.48 1 1
github.com/Junkes887/transfers-api/internal/adpters/database/repository/accountRepository.go:86.17,88.4 1 0
github.com/Junkes887/transfers-api/internal/adpters/database/repository/accountRepository.go:96.70,99.16 2 1
github.com/Junkes887/transfers-api/internal/adpters/database/repository/accountRepository.go:103.2,103.12 1 1
github.com/Junkes887/transfers-api/internal/adpters/database/repository/accountRepository.go:99.16,101.3 1 1
github.com/Junkes887/transfers-api/internal/adpters/database/repository/main.go:9.59,13.2 1 1
github.com/Junkes887/transfers-api/internal/adpters/database/repository/transferRepository.go:10.71,17.16 3 1
github.com/Junkes887/transfers-api/internal/adpters/database/repository/transferRepository.go:22.2,22.12 1 1
github.com/Junkes887/transfers-api/internal/adpters/database/repository/transferRepository.go:17.16,20.3 2 1
github.com/Junkes887/transfers-api/internal/adpters/database/repository/transferRepository.go:25.90,28.16 2 1
github.com/Junkes887/transfers-api/internal/adpters/database/repository/transferRepository.go:32.2,35.18 3 1
github.com/Junkes887/transfers-api/internal/adpters/database/repository/transferRepository.go:45.2,47.20 2 1
github.com/Junkes887/transfers-api/internal/adpters/database/repository/transferRepository.go:28.16,30.3 1 1
github.com/Junkes887/transfers-api/internal/adpters/database/repository/transferRepository.go:35.18,38.17 3 1
github.com/Junkes887/transfers-api/internal/adpters/database/repository/transferRepository.go:42.3,42.39 1 1
github.com/Junkes887/transfers-api/internal/adpters/database/repository/transferRepository.go:38.17,40.4 1 0
