mode: set
github.com/Junkes887/transfers-api/internal/domain/usecase/transferUseCase.go:10.119,11.31 1 1
github.com/Junkes887/transfers-api/internal/domain/usecase/transferUseCase.go:15.2,17.16 2 1
github.com/Junkes887/transfers-api/internal/domain/usecase/transferUseCase.go:20.2,20.46 1 1
github.com/Junkes887/transfers-api/internal/domain/usecase/transferUseCase.go:24.2,24.42 1 1
github.com/Junkes887/transfers-api/internal/domain/usecase/transferUseCase.go:28.2,28.52 1 1
github.com/Junkes887/transfers-api/internal/domain/usecase/transferUseCase.go:32.2,33.16 2 1
github.com/Junkes887/transfers-api/internal/domain/usecase/transferUseCase.go:36.2,36.51 1 1
github.com/Junkes887/transfers-api/internal/domain/usecase/transferUseCase.go:40.2,43.16 3 1
github.com/Junkes887/transfers-api/internal/domain/usecase/transferUseCase.go:47.2,51.16 4 1
github.com/Junkes887/transfers-api/internal/domain/usecase/transferUseCase.go:54.2,55.16 2 1
github.com/Junkes887/transfers-api/internal/domain/usecase/transferUseCase.go:59.2,65.27 1 1
github.com/Junkes887/transfers-api/internal/domain/usecase/transferUseCase.go:11.31,13.3 1 1
github.com/Junkes887/transfers-api/internal/domain/usecase/transferUseCase.go:17.16,19.3 1 1
github.com/Junkes887/transfers-api/internal/domain/usecase/transferUseCase.go:20.46,22.3 1 1
github.com/Junkes887/transfers-api/internal/domain/usecase/transferUseCase.go:24.42,26.3 1 1
github.com/Junkes887/transfers-api/internal/domain/usecase/transferUseCase.go:28.52,30.3 1 1
github.com/Junkes887/transfers-api/internal/domain/usecase/transferUseCase.go:33.16,35.3 1 1
github.com/Junkes887/transfers-api/internal/domain/usecase/transferUseCase.go:36.51,38.3 1 1
github.com/Junkes887/transfers-api/internal/domain/usecase/transferUseCase.go:43.16,45.3 1 1
github.com/Junkes887/transfers-api/internal/domain/usecase/transferUseCase.go:51.16,53.3 1 1
github.com/Junkes887/transfers-api/internal/domain/usecase/transferUseCase.go:55.16,57.3 1 1
github.com/Junkes887/transfers-api/internal/domain/usecase/transferUseCase.go:68.90,71.16 2 1
github.com/Junkes887/transfers-api/internal/domain/usecase/transferUseCase.go:74.2,74.46 1 1
github.com/Junkes887/transfers-api/internal/domain/usecase/transferUseCase.go:78.2,79.16 2 1
github.com/Junkes887/transfers-api/internal/domain/usecase/transferUseCase.go:83.2,83.39 1 1
github.com/Junkes887/transfers-api/internal/domain/usecase/transferUseCase.go:71.16,73.3 1 1
github.com/Junkes887/transfers-api/internal/domain/usecase/transferUseCase.go:74.46,76.3 1 1
github.com/Junkes887/transfers-api/internal/domain/usecase/transferUseCase.go:79.16,81.3 1 1
github.com/Junkes887/transfers-api/internal/domain/usecase/accountUseCase.go:12.85,15.16 2 1
github.com/Junkes887/transfers-api/internal/domain/usecase/accountUseCase.go:19.2,19.40 1 1
github.com/Junkes887/transfers-api/internal/domain/usecase/accountUseCase.go:23.2,23.40 1 1
github.com/Junkes887/transfers-api/internal/domain/usecase/accountUseCase.go:15.16,17.3 1 1
github.com/Junkes887/transfers-api/internal/domain/usecase/accountUseCase.go:19.40,21.3 1 1
github.com/Junkes887/transfers-api/internal/domain/usecase/accountUseCase.go:26.81,29.16 2 1
github.com/Junkes887/transfers-api/internal/domain/usecase/accountUseCase.go:33.2,33.37 1 1
github.com/Junkes887/transfers-api/internal/domain/usecase/accountUseCase.go:29.16,31.3 1 1
github.com/Junkes887/transfers-api/internal/domain/usecase/accountUseCase.go:36.104,39.46 2 1
github.com/Junkes887/transfers-api/internal/domain/usecase/accountUseCase.go:43.2,46.16 3 1
github.com/Junkes887/transfers-api/internal/domain/usecase/accountUseCase.go:50.2,57.17 1 1
github.com/Junkes887/transfers-api/internal/domain/usecase/accountUseCase.go:39.46,41.3 1 1
github.com/Junkes887/transfers-api/internal/domain/usecase/accountUseCase.go:46.16,48.3 1 1
github.com/Junkes887/transfers-api/internal/domain/usecase/accountUseCase.go:60.113,62.37 1 1
github.com/Junkes887/transfers-api/internal/domain/usecase/accountUseCase.go:66.2,66.32 1 1
github.com/Junkes887/transfers-api/internal/domain/usecase/accountUseCase.go:70.2,72.45 2 1
github.com/Junkes887/transfers-api/internal/domain/usecase/accountUseCase.go:76.2,76.31 1 1
github.com/Junkes887/transfers-api/internal/domain/usecase/accountUseCase.go:62.37,64.3 1 1
github.com/Junkes887/transfers-api/internal/domain/usecase/accountUseCase.go:66.32,68.3 1 1
github.com/Junkes887/transfers-api/internal/domain/usecase/accountUseCase.go:72.45,74.3 1 1
github.com/Junkes887/transfers-api/internal/domain/usecase/loginUseCase.go:11.81,14.16 2 1
github.com/Junkes887/transfers-api/internal/domain/usecase/loginUseCase.go:18.2,18.72 1 1
github.com/Junkes887/transfers-api/internal/domain/usecase/loginUseCase.go:22.2,24.16 2 1
github.com/Junkes887/transfers-api/internal/domain/usecase/loginUseCase.go:28.2,28.38 1 1
github.com/Junkes887/transfers-api/internal/domain/usecase/loginUseCase.go:14.16,16.3 1 1
github.com/Junkes887/transfers-api/internal/domain/usecase/loginUseCase.go:18.72,20.3 1 1
github.com/Junkes887/transfers-api/internal/domain/usecase/loginUseCase.go:24.16,26.3 1 0
github.com/Junkes887/transfers-api/internal/domain/usecase/main.go:10.114,15.2 1 1
github.com/Junkes887/transfers-api/internal/adpters/database/repository/accountRepository.go:10.69,17.16 3 1
github.com/Junkes887/transfers-api/internal/adpters/database/repository/accountRepository.go:22.2,22.12 1 1
github.com/Junkes887/transfers-api/internal/adpters/database/repository/accountRepository.go:17.16,20.3 2 1
github.com/Junkes887/transfers-api/internal/adpters/database/repository/accountRepository.go:25.69,28.16 2 1
github.com/Junkes887/transfers-api/internal/adpters/database/repository/accountRepository.go:32.2,35.18 3 1
github.com/Junkes887/transfers-api/internal/adpters/database/repository/accountRepository.go:45.2,47.20 2 1
github.com/Junkes887/transfers-api/internal/adpters/database/repository/accountRepository.go:28.16,30.3 1 1
github.com/Junkes887/transfers-api/internal/adpters/database/repository/accountRepository.go:35.18,38.17 3 1
github.com/Junkes887/transfers-api/internal/adpters/database/repository/accountRepository.go:42.3,42.39 1 1
github.com/Junkes887/transfers-api/internal/adpters/database/repository/accountRepository.go:38.17,40.4 1 0
github.com/Junkes887/transfers-api/internal/adpters/database/repository/accountRepository.go:50.73,54.16 3 1
github.com/Junkes887/transfers-api/internal/adpters/database/repository/accountRepository.go:58.2,60.18 2 1
github.com/Junkes887/transfers-api/internal/adpters/database/repository/accountRepository.go:70.2,70.19 1 1
github.com/Junkes887/transfers-api/internal/adpters/database/repository/accountRepository.go:54.16,56.3 1 1
github.com/Junkes887/transfers-api/internal/adpters/database/repository/accountRepository.go:60.18,63.17 3 1
github.com/Junkes887/transfers-api/internal/adpters/database/repository/accountRepository.go:67.3,67.48 1 1
github.com/Junkes887/transfers-api/internal/adpters/database/repository/accountRepository.go:63.17,65.4 1 0
github.com/Junkes887/transfers-api/internal/adpters/database/repository/accountRepository.go:73.79,77.16 3 1
github.com/Junkes887/transfers-api/internal/adpters/database/repository/accountRepository.go:81.2,83.18 2 1
github.com/Junkes887/transfers-api/internal/adpters/database/repository/accountRepository.go:93.2,93.19 1 1
github.com/Junkes887/transfers-api/internal/adpters/database/repository/accountRepository.go:77.16,79.3 1 1
github.com/Junkes887/transfers-api/internal/adpters/database/repository/accountRepository.go:83.18,86.17 3 1
github.com/Junkes887/transfers-api/internal/adpters/database/repository/accountRepository.go:90.3,90.48 1 1
github.com/Junkes887/transfers-api/internal/adpters/database/repository/accountRepository.go:86.17,88.4 1 0
github.com/Junkes887/transfers-api/internal/adpters/database/repository/accountRepository.go:96.70,99.16 2 1
github.com/Junkes887/transfers-api/internal/adpters/database/repository/accountRepository.go:103.2,103.12 1 1
github.com/Junkes887/transfers-api/internal/adpters/database/repository/accountRepository.go:99.16,101.3 1 1
github.com/Junkes887/transfers-api/internal/adpters/database/repository/main.go:9.59,13.2 1 1
github.com/Junkes887/transfers-api/internal/adpters/database/repository/transferRepository.go:10.71,17.16 3 1
github.com/Junkes887/transfers-api/internal/adpters/database/repository/transferRepository.go:22.2,22.12 1 1
github.com/Junkes887/transfers-api/internal/adpters/database/repository/transferRepository.go:17.16,20.3 2 1
github.com/Junkes887/transfers-api/internal/adpters/database/repository/transferRepository.go:25.90,28.16 2 1
github.com/Junkes887/transfers-api/internal/adpters/database/repository/transferRepository.go:32.2,35.18 3 1
github.com/Junkes887/transfers-api/internal/adpters/database/repository/transferRepository.go:45.2,47.20 2 1
github.com/Junkes887/transfers-api/internal/adpters/database/repository/transferRepository.go:28.16,30.3 1 1
github.com/Junkes887/transfers-api/internal/adpters/database/repository/transferRepository.go:35.18,38.17 3 1
github.com/Junkes887/transfers-api/internal/adpters/database/repository/transferRepository.go:42.3,42.39 1 1
github.com/Junkes887/transfers-api/internal/adpters/database/repository/transferRepository.go:38.17,40.4 1 0
github.com/Junkes887/transfers-api/internal/adpters/web/accountHandler.go:12.73,16.16 4 1
github.com/Junkes887/transfers-api/internal/adpters/web/accountHandler.go:20.2,22.46 3 1
github.com/Junkes887/transfers-api/internal/adpters/web/accountHandler.go:27.2,31.35 4 1
github.com/Junkes887/transfers-api/internal/adpters/web/accountHandler.go:16.16,19.3 2 1
github.com/Junkes887/transfers-api/internal/adpters/web/accountHandler.go:22.46,25.3 2 1
github.com/Junkes887/transfers-api/internal/adpters/web/accountHandler.go:35.73,39.46 3 1
github.com/Junkes887/transfers-api/internal/adpters/web/accountHandler.go:44.2,46.36 3 1
github.com/Junkes887/transfers-api/internal/adpters/web/accountHandler.go:39.46,42.3 2 1
github.com/Junkes887/transfers-api/internal/adpters/web/accountHandler.go:49.70,53.46 3 1
github.com/Junkes887/transfers-api/internal/adpters/web/accountHandler.go:57.2,61.35 4 1
github.com/Junkes887/transfers-api/internal/adpters/web/accountHandler.go:53.46,56.3 2 1
github.com/Junkes887/transfers-api/internal/adpters/web/loginHandler.go:11.65,16.16 4 1
github.com/Junkes887/transfers-api/internal/adpters/web/loginHandler.go:21.2,23.46 3 1
github.com/Junkes887/transfers-api/internal/adpters/web/loginHandler.go:28.2,34.35 4 1
github.com/Junkes887/transfers-api/internal/adpters/web/loginHandler.go:16.16,19.3 2 1
github.com/Junkes887/transfers-api/internal/adpters/web/loginHandler.go:23.46,26.3 2 1
github.com/Junkes887/transfers-api/internal/adpters/web/main.go:11.135,17.2 1 1
github.com/Junkes887/transfers-api/internal/adpters/web/transferHandler.go:11.74,15.16 4 1
github.com/Junkes887/transfers-api/internal/adpters/web/transferHandler.go:20.2,24.46 4 1
github.com/Junkes887/transfers-api/internal/adpters/web/transferHandler.go:29.2,33.35 4 1
github.com/Junkes887/transfers-api/internal/adpters/web/transferHandler.go:15.16,18.3 2 1
github.com/Junkes887/transfers-api/internal/adpters/web/transferHandler.go:24.46,27.3 2 1
github.com/Junkes887/transfers-api/internal/adpters/web/transferHandler.go:37.71,42.46 4 1
github.com/Junkes887/transfers-api/internal/adpters/web/transferHandler.go:47.2,51.35 4 1
github.com/Junkes887/transfers-api/internal/adpters/web/transferHandler.go:42.46,45.3 2 1
